<?xml version="1.0" encoding="UTF-8"?>
<!-- Generated by org.testng.reporters.JUnitReportReporter -->
<testsuite hostname="wws-cpu-202308-04" failures="0" tests="1" name="com.project.base.BaseClass" time="1.206" errors="0" timestamp="2025-05-05T13:00:47 IST" skipped="0">
  <testcase classname="com.project.base.BaseClass" name="test" time="1.206"/>
</testsuite> <!-- com.project.base.BaseClass -->
